  FlyCapture2_EXDlg.cpp
C:\Program Files (x86)\Microsoft Visual Studio 14.0\VC\atlmfc\include\afx.h(38): warning C4996: 'MBCS_Support_Deprecated_In_MFC': MBCS support in MFC is deprecated and may be removed in a future version of MFC.
  C:\Program Files (x86)\Microsoft Visual Studio 14.0\VC\atlmfc\include\afx.h(33): note: 'MBCS_Support_Deprecated_In_MFC' 선언을 참조하십시오.
c:\project\project\csw\소스\2015 64bit\csw_23.1.31_sharp, light io추가\flycapture2_ex\CgProject.h(30): warning C4091: 'typedef ': 변수를 선언하지 않으면 'IMAGE' 왼쪽은 무시됩니다.
c:\project\project\csw\소스\2015 64bit\csw_23.1.31_sharp, light io추가\flycapture2_ex\NeProtocol.h(15): warning C4005: 'NAK': 매크로 재정의
  c:\project\project\csw\소스\2015 64bit\csw_23.1.31_sharp, light io추가\flycapture2_ex\DLL_IOModule.h(26): note: 'NAK'의 이전 정의를 참조하십시오.
FlyCapture2_EXDlg.cpp(663): warning C4244: '인수': 'double'에서 'int'(으)로 변환하면서 데이터가 손실될 수 있습니다.
FlyCapture2_EXDlg.cpp(741): warning C4244: '인수': 'double'에서 'int'(으)로 변환하면서 데이터가 손실될 수 있습니다.
FlyCapture2_EXDlg.cpp(874): warning C4800: 'BOOL': 'true' 또는 'false'로 bool 값을 강제하고 있습니다(성능 경고).
FlyCapture2_EXDlg.cpp(877): warning C4800: 'BOOL': 'true' 또는 'false'로 bool 값을 강제하고 있습니다(성능 경고).
FlyCapture2_EXDlg.cpp(1034): warning C4996: 'gethostbyname': Use getaddrinfo() or GetAddrInfoW() instead or define _WINSOCK_DEPRECATED_NO_WARNINGS to disable deprecated API warnings
  C:\Program Files (x86)\Windows Kits\8.1\Include\um\winsock2.h(2238): note: 'gethostbyname' 선언을 참조하십시오.
FlyCapture2_EXDlg.cpp(1041): warning C4996: 'inet_ntoa': Use inet_ntop() or InetNtop() instead or define _WINSOCK_DEPRECATED_NO_WARNINGS to disable deprecated API warnings
  C:\Program Files (x86)\Windows Kits\8.1\Include\um\winsock2.h(1868): note: 'inet_ntoa' 선언을 참조하십시오.
FlyCapture2_EXDlg.cpp(1093): warning C4800: 'int': 'true' 또는 'false'로 bool 값을 강제하고 있습니다(성능 경고).
FlyCapture2_EXDlg.cpp(1355): warning C4244: '=': 'double'에서 'int'(으)로 변환하면서 데이터가 손실될 수 있습니다.
FlyCapture2_EXDlg.cpp(1488): warning C4091: 'static ': 변수를 선언하지 않으면 '' 왼쪽은 무시됩니다.
FlyCapture2_EXDlg.cpp(2147): warning C4244: '=': '__time64_t'에서 'int'(으)로 변환하면서 데이터가 손실될 수 있습니다.
FlyCapture2_EXDlg.cpp(3026): warning C4996: 'putenv': The POSIX name for this item is deprecated. Instead, use the ISO C and C++ conformant name: _putenv. See online help for details.
  C:\Program Files (x86)\Windows Kits\10\Include\10.0.10240.0\ucrt\stdlib.h(1349): note: 'putenv' 선언을 참조하십시오.
FlyCapture2_EXDlg.cpp(3239): warning C4267: '인수': 'size_t'에서 'int'(으)로 변환하면서 데이터가 손실될 수 있습니다.
FlyCapture2_EXDlg.cpp(3245): warning C4996: 'fopen': This function or variable may be unsafe. Consider using fopen_s instead. To disable deprecation, use _CRT_SECURE_NO_WARNINGS. See online help for details.
  C:\Program Files (x86)\Windows Kits\10\Include\10.0.10240.0\ucrt\stdio.h(205): note: 'fopen' 선언을 참조하십시오.
FlyCapture2_EXDlg.cpp(3606): warning C4244: '인수': 'double'에서 'int'(으)로 변환하면서 데이터가 손실될 수 있습니다.
FlyCapture2_EXDlg.cpp(3625): warning C4244: '인수': 'double'에서 'int'(으)로 변환하면서 데이터가 손실될 수 있습니다.
FlyCapture2_EXDlg.cpp(3834): warning C4244: '=': 'double'에서 'int'(으)로 변환하면서 데이터가 손실될 수 있습니다.
FlyCapture2_EXDlg.cpp(3907): warning C4244: '초기화 중': 'double'에서 'int'(으)로 변환하면서 데이터가 손실될 수 있습니다.
FlyCapture2_EXDlg.cpp(4428): warning C4244: '인수': 'double'에서 'int'(으)로 변환하면서 데이터가 손실될 수 있습니다.
FlyCapture2_EXDlg.cpp(4440): warning C4244: '초기화 중': 'double'에서 'int'(으)로 변환하면서 데이터가 손실될 수 있습니다.
FlyCapture2_EXDlg.cpp(4454): warning C4244: '인수': 'double'에서 'int'(으)로 변환하면서 데이터가 손실될 수 있습니다.
FlyCapture2_EXDlg.cpp(4703): warning C4244: '초기화 중': 'double'에서 'int'(으)로 변환하면서 데이터가 손실될 수 있습니다.
FlyCapture2_EXDlg.cpp(5378): warning C4005: 'TOTAL_LOG_LIST_COL': 매크로 재정의
  c:\project\project\csw\소스\2015 64bit\csw_23.1.31_sharp, light io추가\flycapture2_ex\define.h(40): note: 'TOTAL_LOG_LIST_COL'의 이전 정의를 참조하십시오.
FlyCapture2_EXDlg.cpp(5495): warning C4996: 'fopen': This function or variable may be unsafe. Consider using fopen_s instead. To disable deprecation, use _CRT_SECURE_NO_WARNINGS. See online help for details.
  C:\Program Files (x86)\Windows Kits\10\Include\10.0.10240.0\ucrt\stdio.h(205): note: 'fopen' 선언을 참조하십시오.
FlyCapture2_EXDlg.cpp(5520): warning C4996: 'fopen': This function or variable may be unsafe. Consider using fopen_s instead. To disable deprecation, use _CRT_SECURE_NO_WARNINGS. See online help for details.
  C:\Program Files (x86)\Windows Kits\10\Include\10.0.10240.0\ucrt\stdio.h(205): note: 'fopen' 선언을 참조하십시오.
FlyCapture2_EXDlg.cpp(5544): warning C4996: 'fopen': This function or variable may be unsafe. Consider using fopen_s instead. To disable deprecation, use _CRT_SECURE_NO_WARNINGS. See online help for details.
  C:\Program Files (x86)\Windows Kits\10\Include\10.0.10240.0\ucrt\stdio.h(205): note: 'fopen' 선언을 참조하십시오.
FlyCapture2_EXDlg.cpp(5568): warning C4996: 'fopen': This function or variable may be unsafe. Consider using fopen_s instead. To disable deprecation, use _CRT_SECURE_NO_WARNINGS. See online help for details.
  C:\Program Files (x86)\Windows Kits\10\Include\10.0.10240.0\ucrt\stdio.h(205): note: 'fopen' 선언을 참조하십시오.
FlyCapture2_EXDlg.cpp(5599): warning C4996: 'strcpy': This function or variable may be unsafe. Consider using strcpy_s instead. To disable deprecation, use _CRT_SECURE_NO_WARNINGS. See online help for details.
  C:\Program Files (x86)\Windows Kits\10\Include\10.0.10240.0\ucrt\string.h(119): note: 'strcpy' 선언을 참조하십시오.
FlyCapture2_EXDlg.cpp(5602): warning C4996: 'strcpy': This function or variable may be unsafe. Consider using strcpy_s instead. To disable deprecation, use _CRT_SECURE_NO_WARNINGS. See online help for details.
  C:\Program Files (x86)\Windows Kits\10\Include\10.0.10240.0\ucrt\string.h(119): note: 'strcpy' 선언을 참조하십시오.
FlyCapture2_EXDlg.cpp(5595): warning C4996: 'sprintf': This function or variable may be unsafe. Consider using sprintf_s instead. To disable deprecation, use _CRT_SECURE_NO_WARNINGS. See online help for details.
  C:\Program Files (x86)\Windows Kits\10\Include\10.0.10240.0\ucrt\stdio.h(1769): note: 'sprintf' 선언을 참조하십시오.
FlyCapture2_EXDlg.cpp(5990): warning C4244: '=': 'double'에서 'int'(으)로 변환하면서 데이터가 손실될 수 있습니다.
FlyCapture2_EXDlg.cpp(6195): warning C4101: 'name' :참조되지 않은 지역 변수입니다.
FlyCapture2_EXDlg.cpp(6192): warning C4101: 'handle' :참조되지 않은 지역 변수입니다.
FlyCapture2_EXDlg.cpp(6193): warning C4101: 'bytes' :참조되지 않은 지역 변수입니다.
FlyCapture2_EXDlg.cpp(6196): warning C4101: 'data' :참조되지 않은 지역 변수입니다.
FlyCapture2_EXDlg.cpp(6190): warning C4101: 'translation' :참조되지 않은 지역 변수입니다.
FlyCapture2_EXDlg.cpp(6189): warning C4101: 'block' :참조되지 않은 지역 변수입니다.
FlyCapture2_EXDlg.cpp(6191): warning C4101: 'buffer' :참조되지 않은 지역 변수입니다.
FlyCapture2_EXDlg.cpp(6321): warning C4101: 'nport' :참조되지 않은 지역 변수입니다.
FlyCapture2_EXDlg.cpp(6320): warning C4101: 'i' :참조되지 않은 지역 변수입니다.
FlyCapture2_EXDlg.cpp(6406): warning C4996: 'sprintf': This function or variable may be unsafe. Consider using sprintf_s instead. To disable deprecation, use _CRT_SECURE_NO_WARNINGS. See online help for details.
  C:\Program Files (x86)\Windows Kits\10\Include\10.0.10240.0\ucrt\stdio.h(1769): note: 'sprintf' 선언을 참조하십시오.
FlyCapture2_EXDlg.cpp(6428): warning C4101: 'i' :참조되지 않은 지역 변수입니다.
FlyCapture2_EXDlg.cpp(6629): warning C4267: '인수': 'size_t'에서 'int'(으)로 변환하면서 데이터가 손실될 수 있습니다.
FlyCapture2_EXDlg.cpp(6733): warning C4267: '인수': 'size_t'에서 'int'(으)로 변환하면서 데이터가 손실될 수 있습니다.
FlyCapture2_EXDlg.cpp(6885): warning C4244: '=': 'SIZE_T'에서 'DWORD'(으)로 변환하면서 데이터가 손실될 수 있습니다.
FlyCapture2_EXDlg.cpp(6894): warning C4244: '인수': 'SIZE_T'에서 'UINT'(으)로 변환하면서 데이터가 손실될 수 있습니다.
FlyCapture2_EXDlg.cpp(7121): warning C4244: '인수': 'double'에서 'int'(으)로 변환하면서 데이터가 손실될 수 있습니다.
FlyCapture2_EXDlg.cpp(7183): warning C4244: '인수': 'double'에서 'int'(으)로 변환하면서 데이터가 손실될 수 있습니다.
FlyCapture2_EXDlg.cpp(7194): warning C4244: '인수': 'double'에서 'int'(으)로 변환하면서 데이터가 손실될 수 있습니다.
FlyCapture2_EXDlg.cpp(8053): warning C4244: '초기화 중': 'double'에서 'int'(으)로 변환하면서 데이터가 손실될 수 있습니다.
FlyCapture2_EXDlg.cpp(8054): warning C4244: '초기화 중': 'double'에서 'int'(으)로 변환하면서 데이터가 손실될 수 있습니다.
FlyCapture2_EXDlg.cpp(8055): warning C4244: '초기화 중': 'double'에서 'int'(으)로 변환하면서 데이터가 손실될 수 있습니다.
FlyCapture2_EXDlg.cpp(8056): warning C4244: '초기화 중': 'double'에서 'int'(으)로 변환하면서 데이터가 손실될 수 있습니다.
FlyCapture2_EXDlg.cpp(8149): warning C4244: '초기화 중': 'double'에서 'int'(으)로 변환하면서 데이터가 손실될 수 있습니다.
FlyCapture2_EXDlg.cpp(8150): warning C4244: '초기화 중': 'double'에서 'int'(으)로 변환하면서 데이터가 손실될 수 있습니다.
FlyCapture2_EXDlg.cpp(8151): warning C4244: '초기화 중': 'double'에서 'int'(으)로 변환하면서 데이터가 손실될 수 있습니다.
FlyCapture2_EXDlg.cpp(8152): warning C4244: '초기화 중': 'double'에서 'int'(으)로 변환하면서 데이터가 손실될 수 있습니다.
FlyCapture2_EXDlg.cpp(8384): warning C4305: '=': 'double'에서 'float'(으)로 잘립니다.
FlyCapture2_EXDlg.cpp(8385): warning C4305: '=': 'double'에서 'float'(으)로 잘립니다.
FlyCapture2_EXDlg.cpp(8386): warning C4305: '=': 'double'에서 'float'(으)로 잘립니다.
FlyCapture2_EXDlg.cpp(8387): warning C4305: '=': 'double'에서 'float'(으)로 잘립니다.
FlyCapture2_EXDlg.cpp(8388): warning C4305: '=': 'double'에서 'float'(으)로 잘립니다.
FlyCapture2_EXDlg.cpp(8389): warning C4305: '=': 'double'에서 'float'(으)로 잘립니다.
FlyCapture2_EXDlg.cpp(8390): warning C4305: '=': 'double'에서 'float'(으)로 잘립니다.
FlyCapture2_EXDlg.cpp(8391): warning C4305: '=': 'double'에서 'float'(으)로 잘립니다.
FlyCapture2_EXDlg.cpp(8392): warning C4305: '=': 'double'에서 'float'(으)로 잘립니다.
FlyCapture2_EXDlg.cpp(8393): warning C4305: '=': 'double'에서 'float'(으)로 잘립니다.
FlyCapture2_EXDlg.cpp(8394): warning C4305: '=': 'double'에서 'float'(으)로 잘립니다.
FlyCapture2_EXDlg.cpp(8395): warning C4305: '=': 'double'에서 'float'(으)로 잘립니다.
FlyCapture2_EXDlg.cpp(8396): warning C4305: '=': 'double'에서 'float'(으)로 잘립니다.
FlyCapture2_EXDlg.cpp(8397): warning C4305: '=': 'double'에서 'float'(으)로 잘립니다.
FlyCapture2_EXDlg.cpp(8398): warning C4305: '=': 'double'에서 'float'(으)로 잘립니다.
FlyCapture2_EXDlg.cpp(8399): warning C4305: '=': 'double'에서 'float'(으)로 잘립니다.
FlyCapture2_EXDlg.cpp(8400): warning C4305: '=': 'double'에서 'float'(으)로 잘립니다.
FlyCapture2_EXDlg.cpp(8401): warning C4305: '=': 'double'에서 'float'(으)로 잘립니다.
FlyCapture2_EXDlg.cpp(8402): warning C4305: '=': 'double'에서 'float'(으)로 잘립니다.
FlyCapture2_EXDlg.cpp(8403): warning C4305: '=': 'double'에서 'float'(으)로 잘립니다.
FlyCapture2_EXDlg.cpp(8404): warning C4305: '=': 'double'에서 'float'(으)로 잘립니다.
FlyCapture2_EXDlg.cpp(8405): warning C4305: '=': 'double'에서 'float'(으)로 잘립니다.
FlyCapture2_EXDlg.cpp(8406): warning C4305: '=': 'double'에서 'float'(으)로 잘립니다.
FlyCapture2_EXDlg.cpp(8407): warning C4305: '=': 'double'에서 'float'(으)로 잘립니다.
FlyCapture2_EXDlg.cpp(8409): warning C4305: '=': 'double'에서 'float'(으)로 잘립니다.
FlyCapture2_EXDlg.cpp(8410): warning C4305: '=': 'double'에서 'float'(으)로 잘립니다.
FlyCapture2_EXDlg.cpp(8411): warning C4305: '=': 'double'에서 'float'(으)로 잘립니다.
FlyCapture2_EXDlg.cpp(8412): warning C4305: '=': 'double'에서 'float'(으)로 잘립니다.
FlyCapture2_EXDlg.cpp(8413): warning C4305: '=': 'double'에서 'float'(으)로 잘립니다.
FlyCapture2_EXDlg.cpp(8414): warning C4305: '=': 'double'에서 'float'(으)로 잘립니다.
FlyCapture2_EXDlg.cpp(8415): warning C4305: '=': 'double'에서 'float'(으)로 잘립니다.
FlyCapture2_EXDlg.cpp(8416): warning C4305: '=': 'double'에서 'float'(으)로 잘립니다.
FlyCapture2_EXDlg.cpp(8417): warning C4305: '=': 'double'에서 'float'(으)로 잘립니다.
FlyCapture2_EXDlg.cpp(8418): warning C4305: '=': 'double'에서 'float'(으)로 잘립니다.
FlyCapture2_EXDlg.cpp(8419): warning C4305: '=': 'double'에서 'float'(으)로 잘립니다.
FlyCapture2_EXDlg.cpp(8420): warning C4305: '=': 'double'에서 'float'(으)로 잘립니다.
FlyCapture2_EXDlg.cpp(8421): warning C4305: '=': 'double'에서 'float'(으)로 잘립니다.
FlyCapture2_EXDlg.cpp(8422): warning C4305: '=': 'double'에서 'float'(으)로 잘립니다.
FlyCapture2_EXDlg.cpp(8423): warning C4305: '=': 'double'에서 'float'(으)로 잘립니다.
FlyCapture2_EXDlg.cpp(8424): warning C4305: '=': 'double'에서 'float'(으)로 잘립니다.
FlyCapture2_EXDlg.cpp(8425): warning C4305: '=': 'double'에서 'float'(으)로 잘립니다.
FlyCapture2_EXDlg.cpp(8426): warning C4305: '=': 'double'에서 'float'(으)로 잘립니다.
FlyCapture2_EXDlg.cpp(8427): warning C4305: '=': 'double'에서 'float'(으)로 잘립니다.
FlyCapture2_EXDlg.cpp(8428): warning C4305: '=': 'double'에서 'float'(으)로 잘립니다.
FlyCapture2_EXDlg.cpp(8430): warning C4305: '=': 'double'에서 'float'(으)로 잘립니다.
FlyCapture2_EXDlg.cpp(8431): warning C4305: '=': 'double'에서 'float'(으)로 잘립니다.
FlyCapture2_EXDlg.cpp(8433): warning C4305: '=': 'double'에서 'float'(으)로 잘립니다.
FlyCapture2_EXDlg.cpp(8435): warning C4305: '=': 'double'에서 'float'(으)로 잘립니다.
FlyCapture2_EXDlg.cpp(8436): warning C4305: '=': 'double'에서 'float'(으)로 잘립니다.
FlyCapture2_EXDlg.cpp(8437): warning C4305: '=': 'double'에서 'float'(으)로 잘립니다.
FlyCapture2_EXDlg.cpp(8438): warning C4305: '=': 'double'에서 'float'(으)로 잘립니다.
FlyCapture2_EXDlg.cpp(8439): warning C4305: '=': 'double'에서 'float'(으)로 잘립니다.
FlyCapture2_EXDlg.cpp(8440): warning C4305: '=': 'double'에서 'float'(으)로 잘립니다.
FlyCapture2_EXDlg.cpp(8441): warning C4305: '=': 'double'에서 'float'(으)로 잘립니다.
FlyCapture2_EXDlg.cpp(8442): warning C4305: '=': 'double'에서 'float'(으)로 잘립니다.
FlyCapture2_EXDlg.cpp(8443): warning C4305: '=': 'double'에서 'float'(으)로 잘립니다.
FlyCapture2_EXDlg.cpp(8444): warning C4305: '=': 'double'에서 'float'(으)로 잘립니다.
FlyCapture2_EXDlg.cpp(8445): warning C4305: '=': 'double'에서 'float'(으)로 잘립니다.
FlyCapture2_EXDlg.cpp(8446): warning C4305: '=': 'double'에서 'float'(으)로 잘립니다.
FlyCapture2_EXDlg.cpp(8447): warning C4305: '=': 'double'에서 'float'(으)로 잘립니다.
FlyCapture2_EXDlg.cpp(8448): warning C4305: '=': 'double'에서 'float'(으)로 잘립니다.
FlyCapture2_EXDlg.cpp(8449): warning C4305: '=': 'double'에서 'float'(으)로 잘립니다.
FlyCapture2_EXDlg.cpp(8637): warning C4244: '인수': 'double'에서 'int'(으)로 변환하면서 데이터가 손실될 수 있습니다.
FlyCapture2_EXDlg.cpp(8643): warning C4244: '=': 'int'에서 'float'(으)로 변환하면서 데이터가 손실될 수 있습니다.
FlyCapture2_EXDlg.cpp(8644): warning C4244: '=': 'int'에서 'float'(으)로 변환하면서 데이터가 손실될 수 있습니다.
FlyCapture2_EXDlg.cpp(8645): warning C4244: '=': 'int'에서 'float'(으)로 변환하면서 데이터가 손실될 수 있습니다.
FlyCapture2_EXDlg.cpp(8646): warning C4244: '=': 'int'에서 'float'(으)로 변환하면서 데이터가 손실될 수 있습니다.
FlyCapture2_EXDlg.cpp(8681): warning C4244: '인수': 'double'에서 'int'(으)로 변환하면서 데이터가 손실될 수 있습니다.
FlyCapture2_EXDlg.cpp(9500): warning C4996: 'fopen': This function or variable may be unsafe. Consider using fopen_s instead. To disable deprecation, use _CRT_SECURE_NO_WARNINGS. See online help for details.
  C:\Program Files (x86)\Windows Kits\10\Include\10.0.10240.0\ucrt\stdio.h(205): note: 'fopen' 선언을 참조하십시오.
FlyCapture2_EXDlg.cpp(9734): warning C4996: 'fopen': This function or variable may be unsafe. Consider using fopen_s instead. To disable deprecation, use _CRT_SECURE_NO_WARNINGS. See online help for details.
  C:\Program Files (x86)\Windows Kits\10\Include\10.0.10240.0\ucrt\stdio.h(205): note: 'fopen' 선언을 참조하십시오.
FlyCapture2_EXDlg.cpp(9822): warning C4996: 'fopen': This function or variable may be unsafe. Consider using fopen_s instead. To disable deprecation, use _CRT_SECURE_NO_WARNINGS. See online help for details.
  C:\Program Files (x86)\Windows Kits\10\Include\10.0.10240.0\ucrt\stdio.h(205): note: 'fopen' 선언을 참조하십시오.
FlyCapture2_EXDlg.cpp(9840): warning C4996: 'inet_addr': Use inet_pton() or InetPton() instead or define _WINSOCK_DEPRECATED_NO_WARNINGS to disable deprecated API warnings
  C:\Program Files (x86)\Windows Kits\8.1\Include\um\winsock2.h(1850): note: 'inet_addr' 선언을 참조하십시오.
FlyCapture2_EXDlg.cpp(10103): warning C4244: '인수': 'unsigned long'에서 'char'(으)로 변환하면서 데이터가 손실될 수 있습니다.
  코드를 생성하고 있습니다.
  600 of 7920 functions ( 7.6%) were compiled, the rest were copied from previous compilation.
    0 functions were new in current compilation
    66 functions had inline decision re-evaluated but remain unchanged
  코드를 생성했습니다.
  FlyCapture2_EX.vcxproj -> C:\Project\Project\csw\소스\2015 64bit\CSW_23.1.31_Sharp, Light IO추가\FlyCapture2_EX\x64\Release\HoleVision.exe
  FlyCapture2_EX.vcxproj -> C:\Project\Project\csw\소스\2015 64bit\CSW_23.1.31_Sharp, Light IO추가\FlyCapture2_EX\x64\Release\HoleVision.pdb (Full PDB)
